{"C:\\Users\\x264580\\Desktop\\nodejs-telus\\sdvalley\\controllers\\persons.js": {"path":"C:\\Users\\x264580\\Desktop\\nodejs-telus\\sdvalley\\controllers\\persons.js","statementMap":{"0":{"start":{"line":1,"column":12},"end":{"line":1,"column":26}},"1":{"start":{"line":4,"column":15},"end":{"line":4,"column":35}},"2":{"start":{"line":5,"column":15},"end":{"line":5,"column":43}},"3":{"start":{"line":7,"column":22},"end":{"line":10,"column":3}},"4":{"start":{"line":8,"column":20},"end":{"line":8,"column":49}},"5":{"start":{"line":9,"column":4},"end":{"line":9,"column":34}},"6":{"start":{"line":21,"column":22},"end":{"line":27,"column":1}},"7":{"start":{"line":22,"column":17},"end":{"line":22,"column":76}},"8":{"start":{"line":23,"column":2},"end":{"line":25,"column":3}},"9":{"start":{"line":24,"column":4},"end":{"line":24,"column":42}},"10":{"start":{"line":26,"column":2},"end":{"line":26,"column":74}},"11":{"start":{"line":40,"column":18},"end":{"line":49,"column":1}},"12":{"start":{"line":43,"column":20},"end":{"line":43,"column":55}},"13":{"start":{"line":44,"column":2},"end":{"line":46,"column":3}},"14":{"start":{"line":45,"column":4},"end":{"line":45,"column":38}},"15":{"start":{"line":47,"column":20},"end":{"line":47,"column":56}},"16":{"start":{"line":48,"column":2},"end":{"line":48,"column":36}},"17":{"start":{"line":73,"column":21},"end":{"line":97,"column":1}},"18":{"start":{"line":76,"column":19},"end":{"line":76,"column":48}},"19":{"start":{"line":77,"column":17},"end":{"line":77,"column":55}},"20":{"start":{"line":79,"column":2},"end":{"line":81,"column":3}},"21":{"start":{"line":80,"column":4},"end":{"line":80,"column":83}},"22":{"start":{"line":84,"column":20},"end":{"line":84,"column":58}},"23":{"start":{"line":85,"column":2},"end":{"line":87,"column":3}},"24":{"start":{"line":86,"column":4},"end":{"line":86,"column":38}},"25":{"start":{"line":90,"column":2},"end":{"line":94,"column":5}},"26":{"start":{"line":95,"column":24},"end":{"line":95,"column":62}},"27":{"start":{"line":96,"column":2},"end":{"line":96,"column":40}},"28":{"start":{"line":118,"column":21},"end":{"line":133,"column":1}},"29":{"start":{"line":122,"column":19},"end":{"line":122,"column":48}},"30":{"start":{"line":123,"column":17},"end":{"line":123,"column":55}},"31":{"start":{"line":124,"column":2},"end":{"line":126,"column":3}},"32":{"start":{"line":125,"column":4},"end":{"line":125,"column":83}},"33":{"start":{"line":127,"column":2},"end":{"line":131,"column":5}},"34":{"start":{"line":132,"column":2},"end":{"line":132,"column":76}},"35":{"start":{"line":135,"column":0},"end":{"line":141,"column":1}}},"fnMap":{"0":{"name":"(anonymous_0)","decl":{"start":{"line":7,"column":22},"end":{"line":7,"column":23}},"loc":{"start":{"line":7,"column":48},"end":{"line":10,"column":3}},"line":7},"1":{"name":"(anonymous_1)","decl":{"start":{"line":21,"column":22},"end":{"line":21,"column":23}},"loc":{"start":{"line":21,"column":48},"end":{"line":27,"column":1}},"line":21},"2":{"name":"(anonymous_2)","decl":{"start":{"line":40,"column":18},"end":{"line":40,"column":19}},"loc":{"start":{"line":40,"column":44},"end":{"line":49,"column":1}},"line":40},"3":{"name":"(anonymous_3)","decl":{"start":{"line":73,"column":21},"end":{"line":73,"column":22}},"loc":{"start":{"line":73,"column":47},"end":{"line":97,"column":1}},"line":73},"4":{"name":"(anonymous_4)","decl":{"start":{"line":118,"column":21},"end":{"line":118,"column":22}},"loc":{"start":{"line":118,"column":47},"end":{"line":133,"column":1}},"line":118}},"branchMap":{"0":{"loc":{"start":{"line":23,"column":2},"end":{"line":25,"column":3}},"type":"if","locations":[{"start":{"line":23,"column":2},"end":{"line":25,"column":3}},{"start":{},"end":{}}],"line":23},"1":{"loc":{"start":{"line":44,"column":2},"end":{"line":46,"column":3}},"type":"if","locations":[{"start":{"line":44,"column":2},"end":{"line":46,"column":3}},{"start":{},"end":{}}],"line":44},"2":{"loc":{"start":{"line":79,"column":2},"end":{"line":81,"column":3}},"type":"if","locations":[{"start":{"line":79,"column":2},"end":{"line":81,"column":3}},{"start":{},"end":{}}],"line":79},"3":{"loc":{"start":{"line":85,"column":2},"end":{"line":87,"column":3}},"type":"if","locations":[{"start":{"line":85,"column":2},"end":{"line":87,"column":3}},{"start":{},"end":{}}],"line":85},"4":{"loc":{"start":{"line":124,"column":2},"end":{"line":126,"column":3}},"type":"if","locations":[{"start":{"line":124,"column":2},"end":{"line":126,"column":3}},{"start":{},"end":{}}],"line":124}},"s":{"0":1,"1":1,"2":1,"3":1,"4":1,"5":1,"6":1,"7":2,"8":2,"9":1,"10":1,"11":1,"12":0,"13":0,"14":0,"15":0,"16":0,"17":1,"18":0,"19":0,"20":0,"21":0,"22":0,"23":0,"24":0,"25":0,"26":0,"27":0,"28":1,"29":0,"30":0,"31":0,"32":0,"33":0,"34":0,"35":1},"f":{"0":1,"1":2,"2":0,"3":0,"4":0},"b":{"0":[1,1],"1":[0,0],"2":[0,0],"3":[0,0],"4":[0,0]},"_coverageSchema":"1a1c01bbd47fc00a2c39e90264f33305004495a9","hash":"71f0de7b3243e610bf02f6f454efe90a2e2a1d33"}
,"C:\\Users\\x264580\\Desktop\\nodejs-telus\\sdvalley\\models\\index.js": {"path":"C:\\Users\\x264580\\Desktop\\nodejs-telus\\sdvalley\\models\\index.js","statementMap":{"0":{"start":{"line":1,"column":18},"end":{"line":1,"column":38}},"1":{"start":{"line":2,"column":10},"end":{"line":2,"column":38}},"2":{"start":{"line":3,"column":27},"end":{"line":3,"column":47}},"3":{"start":{"line":5,"column":15},"end":{"line":7,"column":1}},"4":{"start":{"line":9,"column":0},"end":{"line":9,"column":24}}},"fnMap":{},"branchMap":{},"s":{"0":1,"1":1,"2":1,"3":1,"4":1},"f":{},"b":{},"_coverageSchema":"1a1c01bbd47fc00a2c39e90264f33305004495a9","hash":"63bef40b972fb1329aac9cfccfd11377ed106cd9"}
,"C:\\Users\\x264580\\Desktop\\nodejs-telus\\sdvalley\\models\\persons.js": {"path":"C:\\Users\\x264580\\Desktop\\nodejs-telus\\sdvalley\\models\\persons.js","statementMap":{"0":{"start":{"line":2,"column":22},"end":{"line":27,"column":1}},"1":{"start":{"line":4,"column":19},"end":{"line":24,"column":6}},"2":{"start":{"line":26,"column":4},"end":{"line":26,"column":18}},"3":{"start":{"line":29,"column":0},"end":{"line":31,"column":1}}},"fnMap":{"0":{"name":"(anonymous_0)","decl":{"start":{"line":2,"column":22},"end":{"line":2,"column":23}},"loc":{"start":{"line":3,"column":0},"end":{"line":27,"column":1}},"line":3}},"branchMap":{},"s":{"0":1,"1":1,"2":1,"3":1},"f":{"0":1},"b":{},"_coverageSchema":"1a1c01bbd47fc00a2c39e90264f33305004495a9","hash":"7144c4bbac5307d651f8d0058466860f75c5e103"}
,"C:\\Users\\x264580\\Desktop\\nodejs-telus\\sdvalley\\schema\\persons.js": {"path":"C:\\Users\\x264580\\Desktop\\nodejs-telus\\sdvalley\\schema\\persons.js","statementMap":{"0":{"start":{"line":1,"column":12},"end":{"line":1,"column":26}},"1":{"start":{"line":3,"column":0},"end":{"line":6,"column":2}},"2":{"start":{"line":8,"column":0},"end":{"line":11,"column":2}}},"fnMap":{},"branchMap":{},"s":{"0":1,"1":1,"2":1},"f":{},"b":{},"_coverageSchema":"1a1c01bbd47fc00a2c39e90264f33305004495a9","hash":"2b1fde2f496f709ee29584435ef912ac0d7af941"}
,"C:\\Users\\x264580\\Desktop\\nodejs-telus\\sdvalley\\utils\\database.js": {"path":"C:\\Users\\x264580\\Desktop\\nodejs-telus\\sdvalley\\utils\\database.js","statementMap":{"0":{"start":{"line":1,"column":0},"end":{"line":1,"column":24}},"1":{"start":{"line":2,"column":18},"end":{"line":2,"column":38}},"2":{"start":{"line":5,"column":11},"end":{"line":20,"column":1}},"3":{"start":{"line":22,"column":0},"end":{"line":22,"column":20}}},"fnMap":{},"branchMap":{},"s":{"0":1,"1":1,"2":1,"3":1},"f":{},"b":{},"_coverageSchema":"1a1c01bbd47fc00a2c39e90264f33305004495a9","hash":"71446c161c2759104d5b54add6750b958ff31998"}
}
